This is pdfTeX, Version 3.14159265-2.6-1.40.19 (TeX Live 2018) (preloaded format=pdflatex 2018.4.16)  14 OCT 2018 20:10
entering extended mode
 restricted \write18 enabled.
 file:line:error style messages enabled.
 %&-line parsing enabled.
**\input RalphVenteResume2018-10-14.tex
(./RalphVenteResume2018-10-14.tex (./resume.cls
Document Class: resume 2010/07/10 v0.9 Resume class
(/usr/local/texlive/2018/texmf-dist/tex/latex/base/article.cls
Document Class: article 2014/09/29 v1.4h Standard LaTeX document class
(/usr/local/texlive/2018/texmf-dist/tex/latex/base/size10.clo
File: size10.clo 2014/09/29 v1.4h Standard LaTeX file (size option)
)
\c@part=\count80
\c@section=\count81
\c@subsection=\count82
\c@subsubsection=\count83
\c@paragraph=\count84
\c@subparagraph=\count85
\c@figure=\count86
\c@table=\count87
\abovecaptionskip=\skip41
\belowcaptionskip=\skip42
\bibindent=\dimen102
)
(/usr/local/texlive/2018/texmf-dist/tex/latex/parskip/parskip.sty
Package: parskip 2001/04/09 non-zero parskip adjustments
)
(/usr/local/texlive/2018/texmf-dist/tex/latex/tools/array.sty
Package: array 2018/04/07 v2.4g Tabular extension package (FMi)
\col@sep=\dimen103
\ar@mcellbox=\box26
\extrarowheight=\dimen104
\NC@list=\toks14
\extratabsurround=\skip43
\backup@length=\skip44
\ar@cellbox=\box27
)
(/usr/local/texlive/2018/texmf-dist/tex/latex/base/ifthen.sty
Package: ifthen 2014/09/29 v1.1c Standard LaTeX ifthen package (DPC)
))
(/usr/local/texlive/2018/texmf-dist/tex/generic/babel/babel.sty
Package: babel 2018/02/14 3.18 The Babel package

(/usr/local/texlive/2018/texmf-dist/tex/generic/babel/switch.def
File: switch.def 2018/02/14 3.18 Babel switching mechanism
)
(/usr/local/texlive/2018/texmf-dist/tex/generic/babel-english/english.ldf
Language: english 2017/06/06 v3.3r English support from the babel system

(/usr/local/texlive/2018/texmf-dist/tex/generic/babel/babel.def
File: babel.def 2018/02/14 3.18 Babel common definitions
\babel@savecnt=\count88
\U@D=\dimen105

(/usr/local/texlive/2018/texmf-dist/tex/generic/babel/txtbabel.def)
\bbl@dirlevel=\count89
)
\l@canadian = a dialect from \language\l@american 
\l@australian = a dialect from \language\l@british 
\l@newzealand = a dialect from \language\l@british 
))
(/usr/local/texlive/2018/texmf-dist/tex/latex/xcolor/xcolor.sty
Package: xcolor 2016/05/11 v2.12 LaTeX color extensions (UK)

(/usr/local/texlive/2018/texmf-dist/tex/latex/graphics-cfg/color.cfg
File: color.cfg 2016/01/02 v1.6 sample color configuration
)
Package xcolor Info: Driver file: pdftex.def on input line 225.

(/usr/local/texlive/2018/texmf-dist/tex/latex/graphics-def/pdftex.def
File: pdftex.def 2018/01/08 v1.0l Graphics/color driver for pdftex
)
Package xcolor Info: Model `cmy' substituted by `cmy0' on input line 1348.
Package xcolor Info: Model `hsb' substituted by `rgb' on input line 1352.
Package xcolor Info: Model `RGB' extended on input line 1364.
Package xcolor Info: Model `HTML' substituted by `rgb' on input line 1366.
Package xcolor Info: Model `Hsb' substituted by `hsb' on input line 1367.
Package xcolor Info: Model `tHsb' substituted by `hsb' on input line 1368.
Package xcolor Info: Model `HSB' substituted by `hsb' on input line 1369.
Package xcolor Info: Model `Gray' substituted by `gray' on input line 1370.
Package xcolor Info: Model `wave' substituted by `hsb' on input line 1371.

(/usr/local/texlive/2018/texmf-dist/tex/latex/graphics/dvipsnam.def
File: dvipsnam.def 2016/06/17 v3.0m Driver-dependent file (DPC,SPQR)
))
(/usr/local/texlive/2018/texmf-dist/tex/latex/tools/multicol.sty
Package: multicol 2018/04/01 v1.8r multicolumn formatting (FMi)
\c@tracingmulticols=\count90
\mult@box=\box28
\multicol@leftmargin=\dimen106
\c@unbalance=\count91
\c@collectmore=\count92
\doublecol@number=\count93
\multicoltolerance=\count94
\multicolpretolerance=\count95
\full@width=\dimen107
\page@free=\dimen108
\premulticols=\dimen109
\postmulticols=\dimen110
\multicolsep=\skip45
\multicolbaselineskip=\skip46
\partial@page=\box29
\last@line=\box30
\maxbalancingoverflow=\dimen111
\mult@rightbox=\box31
\mult@grightbox=\box32
\mult@gfirstbox=\box33
\mult@firstbox=\box34
\@tempa=\box35
\@tempa=\box36
\@tempa=\box37
\@tempa=\box38
\@tempa=\box39
\@tempa=\box40
\@tempa=\box41
\@tempa=\box42
\@tempa=\box43
\@tempa=\box44
\@tempa=\box45
\@tempa=\box46
\@tempa=\box47
\@tempa=\box48
\@tempa=\box49
\@tempa=\box50
\@tempa=\box51
\c@columnbadness=\count96
\c@finalcolumnbadness=\count97
\last@try=\dimen112
\multicolovershoot=\dimen113
\multicolundershoot=\dimen114
\mult@nat@firstbox=\box52
\colbreak@box=\box53
\mc@col@check@num=\count98
)
(/usr/local/texlive/2018/texmf-dist/tex/latex/geometry/geometry.sty
Package: geometry 2018/03/24 v5.7 Page Geometry

(/usr/local/texlive/2018/texmf-dist/tex/latex/graphics/keyval.sty
Package: keyval 2014/10/28 v1.15 key=value parser (DPC)
\KV@toks@=\toks15
)
(/usr/local/texlive/2018/texmf-dist/tex/generic/oberdiek/ifpdf.sty
Package: ifpdf 2017/03/15 v3.2 Provides the ifpdf switch
)
(/usr/local/texlive/2018/texmf-dist/tex/generic/oberdiek/ifvtex.sty
Package: ifvtex 2016/05/16 v1.6 Detect VTeX and its facilities (HO)
Package ifvtex Info: VTeX not detected.
)
(/usr/local/texlive/2018/texmf-dist/tex/generic/ifxetex/ifxetex.sty
Package: ifxetex 2010/09/12 v0.6 Provides ifxetex conditional
)
\Gm@cnth=\count99
\Gm@cntv=\count100
\c@Gm@tempcnt=\count101
\Gm@bindingoffset=\dimen115
\Gm@wd@mp=\dimen116
\Gm@odd@mp=\dimen117
\Gm@even@mp=\dimen118
\Gm@layoutwidth=\dimen119
\Gm@layoutheight=\dimen120
\Gm@layouthoffset=\dimen121
\Gm@layoutvoffset=\dimen122
\Gm@dimlist=\toks16
)
(/usr/local/texlive/2018/texmf-dist/tex/latex/l3packages/xparse/xparse.sty
(/usr/local/texlive/2018/texmf-dist/tex/latex/l3kernel/expl3.sty
Package: expl3 2018/03/05 L3 programming layer (loader) 

(/usr/local/texlive/2018/texmf-dist/tex/latex/l3kernel/expl3-code.tex
Package: expl3 2018/03/05 L3 programming layer (code)
\c_max_int=\count102
\l_tmpa_int=\count103
\l_tmpb_int=\count104
\g_tmpa_int=\count105
\g_tmpb_int=\count106
\g__intarray_font_int=\count107
\g__prg_map_int=\count108
\c_log_iow=\count109
\l_iow_line_count_int=\count110
\l__iow_line_target_int=\count111
\l__iow_one_indent_int=\count112
\l__iow_indent_int=\count113
\c_zero_dim=\dimen123
\c_max_dim=\dimen124
\l_tmpa_dim=\dimen125
\l_tmpb_dim=\dimen126
\g_tmpa_dim=\dimen127
\g_tmpb_dim=\dimen128
\c_zero_skip=\skip47
\c_max_skip=\skip48
\l_tmpa_skip=\skip49
\l_tmpb_skip=\skip50
\g_tmpa_skip=\skip51
\g_tmpb_skip=\skip52
\c_zero_muskip=\muskip10
\c_max_muskip=\muskip11
\l_tmpa_muskip=\muskip12
\l_tmpb_muskip=\muskip13
\g_tmpa_muskip=\muskip14
\g_tmpb_muskip=\muskip15
\l_keys_choice_int=\count114
\c__fp_leading_shift_int=\count115
\c__fp_middle_shift_int=\count116
\c__fp_trailing_shift_int=\count117
\c__fp_big_leading_shift_int=\count118
\c__fp_big_middle_shift_int=\count119
\c__fp_big_trailing_shift_int=\count120
\c__fp_Bigg_leading_shift_int=\count121
\c__fp_Bigg_middle_shift_int=\count122
\c__fp_Bigg_trailing_shift_int=\count123
\c__fp_rand_size_int=\count124
\c__fp_rand_four_int=\count125
\c__fp_rand_eight_int=\count126
\l__sort_length_int=\count127
\l__sort_min_int=\count128
\l__sort_top_int=\count129
\l__sort_max_int=\count130
\l__sort_true_max_int=\count131
\l__sort_block_int=\count132
\l__sort_begin_int=\count133
\l__sort_end_int=\count134
\l__sort_A_int=\count135
\l__sort_B_int=\count136
\l__sort_C_int=\count137
\l__tl_build_start_index_int=\count138
\l__tl_build_index_int=\count139
\l__tl_analysis_normal_int=\count140
\l__tl_analysis_index_int=\count141
\l__tl_analysis_nesting_int=\count142
\l__tl_analysis_type_int=\count143
\l__regex_internal_a_int=\count144
\l__regex_internal_b_int=\count145
\l__regex_internal_c_int=\count146
\l__regex_balance_int=\count147
\l__regex_group_level_int=\count148
\l__regex_mode_int=\count149
\c__regex_cs_in_class_mode_int=\count150
\c__regex_cs_mode_int=\count151
\l__regex_catcodes_int=\count152
\l__regex_default_catcodes_int=\count153
\c__regex_catcode_D_int=\count154
\c__regex_catcode_S_int=\count155
\c__regex_catcode_L_int=\count156
\c__regex_catcode_O_int=\count157
\c__regex_catcode_A_int=\count158
\c__regex_all_catcodes_int=\count159
\l__regex_show_lines_int=\count160
\l__regex_min_state_int=\count161
\l__regex_max_state_int=\count162
\l__regex_left_state_int=\count163
\l__regex_right_state_int=\count164
\l__regex_capturing_group_int=\count165
\l__regex_min_pos_int=\count166
\l__regex_max_pos_int=\count167
\l__regex_curr_pos_int=\count168
\l__regex_start_pos_int=\count169
\l__regex_success_pos_int=\count170
\l__regex_curr_char_int=\count171
\l__regex_curr_catcode_int=\count172
\l__regex_last_char_int=\count173
\l__regex_case_changed_char_int=\count174
\l__regex_curr_state_int=\count175
\l__regex_step_int=\count176
\l__regex_min_active_int=\count177
\l__regex_max_active_int=\count178
\l__regex_replacement_csnames_int=\count179
\l__regex_match_count_int=\count180
\l__regex_min_submatch_int=\count181
\l__regex_submatch_int=\count182
\l__regex_zeroth_submatch_int=\count183
\g__regex_trace_regex_int=\count184
\c_empty_box=\box54
\l_tmpa_box=\box55
\l_tmpb_box=\box56
\g_tmpa_box=\box57
\g_tmpb_box=\box58
\l__box_top_dim=\dimen129
\l__box_bottom_dim=\dimen130
\l__box_left_dim=\dimen131
\l__box_right_dim=\dimen132
\l__box_top_new_dim=\dimen133
\l__box_bottom_new_dim=\dimen134
\l__box_left_new_dim=\dimen135
\l__box_right_new_dim=\dimen136
\l__box_internal_box=\box59
\l__coffin_internal_box=\box60
\l__coffin_internal_dim=\dimen137
\l__coffin_offset_x_dim=\dimen138
\l__coffin_offset_y_dim=\dimen139
\l__coffin_x_dim=\dimen140
\l__coffin_y_dim=\dimen141
\l__coffin_x_prime_dim=\dimen142
\l__coffin_y_prime_dim=\dimen143
\c_empty_coffin=\box61
\l__coffin_aligned_coffin=\box62
\l__coffin_aligned_internal_coffin=\box63
\l_tmpa_coffin=\box64
\l_tmpb_coffin=\box65
\l__coffin_display_coffin=\box66
\l__coffin_display_coord_coffin=\box67
\l__coffin_display_pole_coffin=\box68
\l__coffin_display_offset_dim=\dimen144
\l__coffin_display_x_dim=\dimen145
\l__coffin_display_y_dim=\dimen146
\l__coffin_bounding_shift_dim=\dimen147
\l__coffin_left_corner_dim=\dimen148
\l__coffin_right_corner_dim=\dimen149
\l__coffin_bottom_corner_dim=\dimen150
\l__coffin_top_corner_dim=\dimen151
\l__coffin_scaled_total_height_dim=\dimen152
\l__coffin_scaled_width_dim=\dimen153
)
(/usr/local/texlive/2018/texmf-dist/tex/latex/l3kernel/l3pdfmode.def
File: l3pdfmode.def 2017/03/18 v L3 Experimental driver: PDF mode
\l__driver_color_stack_int=\count185
))
Package: xparse 2018/02/21 L3 Experimental document command parser
\l__xparse_current_arg_int=\count186
\g__xparse_grabber_int=\count187
\l__xparse_m_args_int=\count188
\l__xparse_mandatory_args_int=\count189
\l__xparse_v_nesting_int=\count190
)
(/usr/local/texlive/2018/texmf-dist/tex/latex/listings/listings.sty
\lst@mode=\count191
\lst@gtempboxa=\box69
\lst@token=\toks17
\lst@length=\count192
\lst@currlwidth=\dimen154
\lst@column=\count193
\lst@pos=\count194
\lst@lostspace=\dimen155
\lst@width=\dimen156
\lst@newlines=\count195
\lst@lineno=\count196
\lst@maxwidth=\dimen157

(/usr/local/texlive/2018/texmf-dist/tex/latex/listings/lstmisc.sty
File: lstmisc.sty 2015/06/04 1.6 (Carsten Heinz)
\c@lstnumber=\count197
\lst@skipnumbers=\count198
\lst@framebox=\box70
)
(/usr/local/texlive/2018/texmf-dist/tex/latex/listings/listings.cfg
File: listings.cfg 2015/06/04 1.6 listings configuration
))
Package: listings 2015/06/04 1.6 (Carsten Heinz)

(/usr/local/texlive/2018/texmf-dist/tex/latex/hyperref/hyperref.sty
Package: hyperref 2018/02/06 v6.86b Hypertext links for LaTeX

(/usr/local/texlive/2018/texmf-dist/tex/generic/oberdiek/hobsub-hyperref.sty
Package: hobsub-hyperref 2016/05/16 v1.14 Bundle oberdiek, subset hyperref (HO)


(/usr/local/texlive/2018/texmf-dist/tex/generic/oberdiek/hobsub-generic.sty
Package: hobsub-generic 2016/05/16 v1.14 Bundle oberdiek, subset generic (HO)
Package: hobsub 2016/05/16 v1.14 Construct package bundles (HO)
Package: infwarerr 2016/05/16 v1.4 Providing info/warning/error messages (HO)
Package: ltxcmds 2016/05/16 v1.23 LaTeX kernel commands for general use (HO)
Package: ifluatex 2016/05/16 v1.4 Provides the ifluatex switch (HO)
Package ifluatex Info: LuaTeX not detected.
Package hobsub Info: Skipping package `ifvtex' (already loaded).
Package: intcalc 2016/05/16 v1.2 Expandable calculations with integers (HO)
Package hobsub Info: Skipping package `ifpdf' (already loaded).
Package: etexcmds 2016/05/16 v1.6 Avoid name clashes with e-TeX commands (HO)
Package etexcmds Info: Could not find \expanded.
(etexcmds)             That can mean that you are not using pdfTeX 1.50 or
(etexcmds)             that some package has redefined \expanded.
(etexcmds)             In the latter case, load this package earlier.
Package: kvsetkeys 2016/05/16 v1.17 Key value parser (HO)
Package: kvdefinekeys 2016/05/16 v1.4 Define keys (HO)
Package: pdftexcmds 2018/01/30 v0.27 Utility functions of pdfTeX for LuaTeX (HO
)
Package pdftexcmds Info: LuaTeX not detected.
Package pdftexcmds Info: \pdf@primitive is available.
Package pdftexcmds Info: \pdf@ifprimitive is available.
Package pdftexcmds Info: \pdfdraftmode found.
Package: pdfescape 2016/05/16 v1.14 Implements pdfTeX's escape features (HO)
Package: bigintcalc 2016/05/16 v1.4 Expandable calculations on big integers (HO
)
Package: bitset 2016/05/16 v1.2 Handle bit-vector datatype (HO)
Package: uniquecounter 2016/05/16 v1.3 Provide unlimited unique counter (HO)
)
Package hobsub Info: Skipping package `hobsub' (already loaded).
Package: letltxmacro 2016/05/16 v1.5 Let assignment for LaTeX macros (HO)
Package: hopatch 2016/05/16 v1.3 Wrapper for package hooks (HO)
Package: xcolor-patch 2016/05/16 xcolor patch
Package: atveryend 2016/05/16 v1.9 Hooks at the very end of document (HO)
Package atveryend Info: \enddocument detected (standard20110627).
Package: atbegshi 2016/06/09 v1.18 At begin shipout hook (HO)
Package: refcount 2016/05/16 v3.5 Data extraction from label references (HO)
Package: hycolor 2016/05/16 v1.8 Color options for hyperref/bookmark (HO)
)
(/usr/local/texlive/2018/texmf-dist/tex/latex/oberdiek/auxhook.sty
Package: auxhook 2016/05/16 v1.4 Hooks for auxiliary files (HO)


Package auxhook Warning: Cannot patch \document,
(auxhook)                using \AtBeginDocument instead.

) (/usr/local/texlive/2018/texmf-dist/tex/latex/oberdiek/kvoptions.sty
Package: kvoptions 2016/05/16 v3.12 Key value format for package options (HO)
)
\@linkdim=\dimen158
\Hy@linkcounter=\count199
\Hy@pagecounter=\count266

(/usr/local/texlive/2018/texmf-dist/tex/latex/hyperref/pd1enc.def
File: pd1enc.def 2018/02/06 v6.86b Hyperref: PDFDocEncoding definition (HO)
Now handling font encoding PD1 ...
... no UTF-8 mapping file for font encoding PD1
)
\Hy@SavedSpaceFactor=\count267

(/usr/local/texlive/2018/texmf-dist/tex/latex/latexconfig/hyperref.cfg
File: hyperref.cfg 2002/06/06 v1.2 hyperref configuration of TeXLive
)
Package hyperref Info: Hyper figures OFF on input line 4509.
Package hyperref Info: Link nesting OFF on input line 4514.
Package hyperref Info: Hyper index ON on input line 4517.
Package hyperref Info: Plain pages OFF on input line 4524.
Package hyperref Info: Backreferencing OFF on input line 4529.
Package hyperref Info: Implicit mode ON; LaTeX internals redefined.
Package hyperref Info: Bookmarks ON on input line 4762.
\c@Hy@tempcnt=\count268

(/usr/local/texlive/2018/texmf-dist/tex/latex/url/url.sty
\Urlmuskip=\muskip16
Package: url 2013/09/16  ver 3.4  Verb mode for urls, etc.
)
LaTeX Info: Redefining \url on input line 5115.
\XeTeXLinkMargin=\dimen159
\Fld@menulength=\count269
\Field@Width=\dimen160
\Fld@charsize=\dimen161
Package hyperref Info: Hyper figures OFF on input line 6369.
Package hyperref Info: Link nesting OFF on input line 6374.
Package hyperref Info: Hyper index ON on input line 6377.
Package hyperref Info: backreferencing OFF on input line 6384.
Package hyperref Info: Link coloring OFF on input line 6389.
Package hyperref Info: Link coloring with OCG OFF on input line 6394.
Package hyperref Info: PDF/A mode OFF on input line 6399.
LaTeX Info: Redefining \ref on input line 6439.
LaTeX Info: Redefining \pageref on input line 6443.
\Hy@abspage=\count270
\c@Item=\count271
\c@Hfootnote=\count272
)
Package hyperref Info: Driver (autodetected): hpdftex.

(/usr/local/texlive/2018/texmf-dist/tex/latex/hyperref/hpdftex.def
File: hpdftex.def 2018/02/06 v6.86b Hyperref driver for pdfTeX
\Fld@listcount=\count273
\c@bookmark@seq@number=\count274

(/usr/local/texlive/2018/texmf-dist/tex/latex/oberdiek/rerunfilecheck.sty
Package: rerunfilecheck 2016/05/16 v1.8 Rerun checks for auxiliary files (HO)
Package uniquecounter Info: New unique counter `rerunfilecheck' on input line 2
82.
)
\Hy@SectionHShift=\skip53
)
Package hyperref Info: Option `colorlinks' set `true' on input line 40.
.................................................
. LaTeX info: "xparse/define-command"
. 
. Defining command \code with sig. 'v' on line 46.
.................................................

(/usr/local/texlive/2018/texmf-dist/tex/latex/listings/lstlang1.sty
File: lstlang1.sty 2015/06/04 1.6 listings language file
)
(/usr/local/texlive/2018/texmf-dist/tex/latex/listings/lstlang1.sty
File: lstlang1.sty 2015/06/04 1.6 listings language file
)
No file RalphVenteResume2018-10-14.aux.
\openout1 = `RalphVenteResume2018-10-14.aux'.

LaTeX Font Info:    Checking defaults for OML/cmm/m/it on input line 71.
LaTeX Font Info:    ... okay on input line 71.
LaTeX Font Info:    Checking defaults for T1/cmr/m/n on input line 71.
LaTeX Font Info:    ... okay on input line 71.
LaTeX Font Info:    Checking defaults for OT1/cmr/m/n on input line 71.
LaTeX Font Info:    ... okay on input line 71.
LaTeX Font Info:    Checking defaults for OMS/cmsy/m/n on input line 71.
LaTeX Font Info:    ... okay on input line 71.
LaTeX Font Info:    Checking defaults for OMX/cmex/m/n on input line 71.
LaTeX Font Info:    ... okay on input line 71.
LaTeX Font Info:    Checking defaults for U/cmr/m/n on input line 71.
LaTeX Font Info:    ... okay on input line 71.
LaTeX Font Info:    Checking defaults for PD1/pdf/m/n on input line 71.
LaTeX Font Info:    ... okay on input line 71.
(/usr/local/texlive/2018/texmf-dist/tex/context/base/mkii/supp-pdf.mkii
[Loading MPS to PDF converter (version 2006.09.02).]
\scratchcounter=\count275
\scratchdimen=\dimen162
\scratchbox=\box71
\nofMPsegments=\count276
\nofMParguments=\count277
\everyMPshowfont=\toks18
\MPscratchCnt=\count278
\MPscratchDim=\dimen163
\MPnumerator=\count279
\makeMPintoPDFobject=\count280
\everyMPtoPDFconversion=\toks19
)
*geometry* driver: auto-detecting
*geometry* detected driver: pdftex
*geometry* verbose mode - [ preamble ] result:
* driver: pdftex
* paper: <default>
* layout: <same size as paper>
* layoutoffset:(h,v)=(0.0pt,0.0pt)
* modes: 
* h-part:(L,W,R)=(54.2025pt, 505.89pt, 54.2025pt)
* v-part:(T,H,B)=(43.36243pt, 744.38013pt, 7.22743pt)
* \paperwidth=614.295pt
* \paperheight=794.96999pt
* \textwidth=505.89pt
* \textheight=744.38013pt
* \oddsidemargin=-18.06749pt
* \evensidemargin=-18.06749pt
* \topmargin=-65.90756pt
* \headheight=12.0pt
* \headsep=25.0pt
* \topskip=10.0pt
* \footskip=30.0pt
* \marginparwidth=65.0pt
* \marginparsep=11.0pt
* \columnsep=10.0pt
* \skip\footins=9.0pt plus 4.0pt minus 2.0pt
* \hoffset=0.0pt
* \voffset=0.0pt
* \mag=1000
* \@twocolumnfalse
* \@twosidefalse
* \@mparswitchfalse
* \@reversemarginfalse
* (1in=72.27pt=25.4mm, 1cm=28.453pt)

\c@lstlisting=\count281
\AtBeginShipoutBox=\box72
Package hyperref Info: Link coloring ON on input line 71.
(/usr/local/texlive/2018/texmf-dist/tex/latex/hyperref/nameref.sty
Package: nameref 2016/05/21 v2.44 Cross-referencing by name of section

(/usr/local/texlive/2018/texmf-dist/tex/generic/oberdiek/gettitlestring.sty
Package: gettitlestring 2016/05/16 v1.5 Cleanup title references (HO)
)
\c@section@level=\count282
)
LaTeX Info: Redefining \ref on input line 71.
LaTeX Info: Redefining \pageref on input line 71.
LaTeX Info: Redefining \nameref on input line 71.
\@outlinefile=\write3
\openout3 = `RalphVenteResume2018-10-14.out'.

LaTeX Font Info:    External font `cmex10' loaded for size
(Font)              <7> on input line 71.
LaTeX Font Info:    External font `cmex10' loaded for size
(Font)              <5> on input line 71.

Overfull \hbox (30.0pt too wide) in paragraph at lines 71--71
[] 
 []

Package atveryend Info: Empty hook `BeforeClearDocument' on input line 171.
[1

{/usr/local/texlive/2018/texmf-var/fonts/map/pdftex/updmap/pdftex.map}]
Package atveryend Info: Empty hook `AfterLastShipout' on input line 171.

(./RalphVenteResume2018-10-14.aux)
Package atveryend Info: Executing hook `AtVeryEndDocument' on input line 171.
Package atveryend Info: Executing hook `AtEndAfterFileList' on input line 171.


Package rerunfilecheck Warning: File `RalphVenteResume2018-10-14.out' has chang
ed.
(rerunfilecheck)                Rerun to get outlines right
(rerunfilecheck)                or use package `bookmark'.

Package rerunfilecheck Info: Checksums for `RalphVenteResume2018-10-14.out':
(rerunfilecheck)             Before: <no file>
(rerunfilecheck)             After:  D41D8CD98F00B204E9800998ECF8427E;0.
Package atveryend Info: Empty hook `AtVeryVeryEnd' on input line 171.
 ) 
Here is how much of TeX's memory you used:
 15935 strings out of 492649
 284632 string characters out of 6129622
 399196 words of memory out of 5000000
 19753 multiletter control sequences out of 15000+600000
 532058 words of font info for 28 fonts, out of 8000000 for 9000
 1141 hyphenation exceptions out of 8191
 32i,9n,49p,10403b,328s stack positions out of 5000i,500n,10000p,200000b,80000s
</usr/local/texlive/2018/texmf-dist/fonts/type1/public/amsfonts/cm/cmbx10.pfb
></usr/local/texlive/2018/texmf-dist/fonts/type1/public/amsfonts/cm/cmbx12.pfb>
</usr/local/texlive/2018/texmf-dist/fonts/type1/public/amsfonts/cm/cmbxti10.pfb
></usr/local/texlive/2018/texmf-dist/fonts/type1/public/amsfonts/cm/cmr10.pfb><
/usr/local/texlive/2018/texmf-dist/fonts/type1/public/amsfonts/cm/cmr7.pfb></us
r/local/texlive/2018/texmf-dist/fonts/type1/public/amsfonts/cm/cmsy10.pfb></usr
/local/texlive/2018/texmf-dist/fonts/type1/public/amsfonts/cm/cmti10.pfb></usr/
local/texlive/2018/texmf-dist/fonts/type1/public/amsfonts/cm/cmtt10.pfb>
Output written on RalphVenteResume2018-10-14.pdf (1 page, 111179 bytes).
PDF statistics:
 48 PDF objects out of 1000 (max. 8388607)
 36 compressed objects within 1 object stream
 2 named destinations out of 1000 (max. 500000)
 1 words of extra memory for PDF output out of 10000 (max. 10000000)

